C:\USERS\ADMINISTRATOR\DESKTOP\C++_OPC\MYOPC\C++_OPC\C++_OPC\DEBUG\C++_OPC.PCH
C:\USERS\ADMINISTRATOR\DESKTOP\C++_OPC\MYOPC\C++_OPC\C++_OPC\DEBUG\STDAFX.OBJ
C:\USERS\ADMINISTRATOR\DESKTOP\C++_OPC\MYOPC\C++_OPC\C++_OPC\DEBUG\VC110.PDB
C:\USERS\ADMINISTRATOR\DESKTOP\C++_OPC\MYOPC\C++_OPC\C++_OPC\DEBUG\C++_OPC.OBJ
C:\USERS\ADMINISTRATOR\DESKTOP\C++_OPC\MYOPC\C++_OPC\C++_OPC\DEBUG\OPCCOMN_I.OBJ
C:\USERS\ADMINISTRATOR\DESKTOP\C++_OPC\MYOPC\C++_OPC\C++_OPC\DEBUG\OPCDA_I.OBJ
C:\USERS\ADMINISTRATOR\DESKTOP\C++_OPC\MYOPC\C++_OPC\DEBUG\C++_OPC.ILK
C:\USERS\ADMINISTRATOR\DESKTOP\C++_OPC\MYOPC\C++_OPC\DEBUG\C++_OPC.EXE
C:\USERS\ADMINISTRATOR\DESKTOP\C++_OPC\MYOPC\C++_OPC\DEBUG\C++_OPC.PDB
C:\Users\Administrator\Desktop\c++_OPC\myopc\c++_opc\c++_opc\Debug\c++_opc.obj
C:\Users\Administrator\Desktop\c++_OPC\myopc\c++_opc\c++_opc\Debug\Opccomn_i.obj
C:\Users\Administrator\Desktop\c++_OPC\myopc\c++_opc\c++_opc\Debug\Opcda_i.obj
C:\Users\Administrator\Desktop\c++_OPC\myopc\c++_opc\c++_opc\Debug\stdafx.obj
C:\Users\Administrator\Desktop\c++_OPC\myopc\c++_opc\c++_opc\Debug\cl.command.1.tlog
C:\Users\Administrator\Desktop\c++_OPC\myopc\c++_opc\c++_opc\Debug\CL.read.1.tlog
C:\Users\Administrator\Desktop\c++_OPC\myopc\c++_opc\c++_opc\Debug\CL.write.1.tlog
C:\Users\Administrator\Desktop\c++_OPC\myopc\c++_opc\c++_opc\Debug\link-cvtres.read.1.tlog
C:\Users\Administrator\Desktop\c++_OPC\myopc\c++_opc\c++_opc\Debug\link-cvtres.write.1.tlog
C:\Users\Administrator\Desktop\c++_OPC\myopc\c++_opc\c++_opc\Debug\link-rc.read.1.tlog
C:\Users\Administrator\Desktop\c++_OPC\myopc\c++_opc\c++_opc\Debug\link-rc.write.1.tlog
C:\Users\Administrator\Desktop\c++_OPC\myopc\c++_opc\c++_opc\Debug\link.command.1.tlog
C:\Users\Administrator\Desktop\c++_OPC\myopc\c++_opc\c++_opc\Debug\link.read.1.tlog
C:\Users\Administrator\Desktop\c++_OPC\myopc\c++_opc\c++_opc\Debug\link.write.1.tlog
C:\Users\Administrator\Desktop\c++_OPC\myopc\c++_opc\c++_opc\Debug\c++_opc.pch
C:\Users\Administrator\Desktop\c++_OPC\myopc\c++_opc\c++_opc\Debug\vc110.idb
C:\Users\Administrator\Desktop\c++_OPC\myopc\c++_opc\c++_opc\Debug\vc110.pdb
C:\Users\Administrator\Desktop\c++_OPC\myopc\c++_opc\Debug\c++_opc.pdb
C:\Users\Administrator\Desktop\c++_OPC\myopc\c++_opc\Debug\c++_opc.exe
C:\Users\Administrator\Desktop\c++_OPC\myopc\c++_opc\Debug\c++_opc.ilk
