生成启动时间为 2019/5/5 8:43:32。
     1>项目“C:\Users\Administrator\Desktop\c++_OPC\myopc\c++_opc\c++_opc\c++_opc.vcxproj”在节点 2 上(Rebuild 个目标)。
     1>ClCompile:
         D:\0work\visual studio\vs2012\VC\bin\CL.exe /c /ZI /nologo /W3 /WX- /sdl /Od /Oy- /D WIN32 /D _DEBUG /D _CONSOLE /D _LIB /D _UNICODE /D UNICODE /Gm /EHsc /RTC1 /MDd /GS /fp:precise /Zc:wchar_t /Zc:forScope /Yc"stdafx.h" /Fp"Debug\c++_opc.pch" /Fo"Debug\\" /Fd"Debug\vc110.pdb" /Gd /TP /analyze- /errorReport:prompt stdafx.cpp
         stdafx.cpp
         D:\0work\visual studio\vs2012\VC\bin\CL.exe /c /ZI /nologo /W3 /WX- /sdl /Od /Oy- /D WIN32 /D _DEBUG /D _CONSOLE /D _LIB /D _UNICODE /D UNICODE /Gm /EHsc /RTC1 /MDd /GS /fp:precise /Zc:wchar_t /Zc:forScope /Fo"Debug\\" /Fd"Debug\vc110.pdb" /Gd /TP /analyze- /errorReport:prompt c++_opc.cpp
         c++_opc.cpp
     1>c:\users\administrator\desktop\c++_opc\myopc\c++_opc\c++_opc\c++_opc.cpp(79): warning C4244: “=”: 从“int”转换到“FLOAT”，可能丢失数据
     1>c:\users\administrator\desktop\c++_opc\myopc\c++_opc\c++_opc\c++_opc.cpp(80): warning C4244: “=”: 从“double”转换到“FLOAT”，可能丢失数据
     1>c:\users\administrator\desktop\c++_opc\myopc\c++_opc\c++_opc\c++_opc.cpp(245): warning C4018: “<”: 有符号/无符号不匹配
     1>c:\users\administrator\desktop\c++_opc\myopc\c++_opc\c++_opc\c++_opc.cpp(411): warning C4018: “<”: 有符号/无符号不匹配
         D:\0work\visual studio\vs2012\VC\bin\CL.exe /c /ZI /nologo /W3 /WX- /sdl /Od /Oy- /D WIN32 /D _DEBUG /D _CONSOLE /D _LIB /D _UNICODE /D UNICODE /Gm /EHsc /RTC1 /MDd /GS /fp:precise /Zc:wchar_t /Zc:forScope /Fo"Debug\\" /Fd"Debug\vc110.pdb" /Gd /TC /analyze- /errorReport:prompt Opccomn_i.c Opcda_i.c
         Opcda_i.c
         Opccomn_i.c
         正在生成代码...
       Link:
         D:\0work\visual studio\vs2012\VC\bin\link.exe /ERRORREPORT:PROMPT /OUT:"C:\Users\Administrator\Desktop\c++_OPC\myopc\c++_opc\Debug\c++_opc.exe" /INCREMENTAL /NOLOGO kernel32.lib user32.lib gdi32.lib winspool.lib comdlg32.lib advapi32.lib shell32.lib ole32.lib oleaut32.lib uuid.lib odbc32.lib odbccp32.lib /MANIFEST /MANIFESTUAC:"level='asInvoker' uiAccess='false'" /manifest:embed /DEBUG /PDB:"C:\Users\Administrator\Desktop\c++_OPC\myopc\c++_opc\Debug\c++_opc.pdb" /SUBSYSTEM:CONSOLE /TLBID:1 /DYNAMICBASE /NXCOMPAT /IMPLIB:"C:\Users\Administrator\Desktop\c++_OPC\myopc\c++_opc\Debug\c++_opc.lib" /MACHINE:X86 Debug\c++_opc.obj
         Debug\Opccomn_i.obj
         Debug\Opcda_i.obj
         Debug\stdafx.obj
         c++_opc.vcxproj -> C:\Users\Administrator\Desktop\c++_OPC\myopc\c++_opc\Debug\c++_opc.exe
     1>已完成生成项目“C:\Users\Administrator\Desktop\c++_OPC\myopc\c++_opc\c++_opc\c++_opc.vcxproj”(Rebuild 个目标)的操作。

生成成功。

已用时间 00:00:03.14
